# JRE version: OpenJDK Runtime Environment (25.0+36) (build 25+36-3489)
# Java VM: OpenJDK 64-Bit Server VM (25+36-3489, mixed mode, sharing, tiered, compressed oops, compressed class ptrs, g1 gc, windows-amd64)
GC Precious Log:
 CardTable entry size: 512
 Card Set container configuration: InlinePtr #cards 5 size 8 Array Of Cards #cards 10 size 36 Howl #buckets 4 coarsen threshold 1843 Howl Bitmap #cards 512 size 80 coarsen threshold 460 Card regions per heap region 1 cards per card region 2048
 CPUs: 4 total, 4 available
 Memory: 4001M
 Large Page Support: Disabled
 NUMA Support: Disabled
 Compressed Oops: Enabled (32-bit)
 Heap Region Size: 1M
 Heap Min Capacity: 8M
 Heap Initial Capacity: 64M
 Heap Max Capacity: 1002M
 Pre-touch: Disabled
 Parallel Workers: 4
 Concurrent Workers: 1
 Concurrent Refinement Workers: 4
 Periodic GC: Disabled
Heap:
 garbage-first heap   total reserved 1026048K, committed 96256K, used 69620K [0x00000000c1600000, 0x0000000100000000)
  region size 1024K, 17 young (17408K), 3 survivors (3072K)
GC Heap Usage History (20 events):
Event: 38.370 {heap Before GC invocations=12 (full 0):
 garbage-first heap   total reserved 1026048K, committed 45056K, used 38333K [0x00000000c1600000, 0x0000000100000000)
  region size 1024K, 20 young (20480K), 2 survivors (2048K)
}
Event: 38.377 {heap After GC invocations=13 (full 0):
 garbage-first heap   total reserved 1026048K, committed 45056K, used 20585K [0x00000000c1600000, 0x0000000100000000)
  region size 1024K, 2 young (2048K), 2 survivors (2048K)
}
Event: 49.563 {heap Before GC invocations=13 (full 0):
 garbage-first heap   total reserved 1026048K, committed 45056K, used 39017K [0x00000000c1600000, 0x0000000100000000)
  region size 1024K, 21 young (21504K), 2 survivors (2048K)
}
Event: 49.571 {heap After GC invocations=14 (full 0):
 garbage-first heap   total reserved 1026048K, committed 45056K, used 20504K [0x00000000c1600000, 0x0000000100000000)
  region size 1024K, 2 young (2048K), 2 survivors (2048K)
}
Event: 50.964 {heap Before GC invocations=14 (full 0):
 garbage-first heap   total reserved 1026048K, committed 45056K, used 34840K [0x00000000c1600000, 0x0000000100000000)
  region size 1024K, 18 young (18432K), 2 survivors (2048K)
}
Event: 50.976 {heap After GC invocations=15 (full 0):
 garbage-first heap   total reserved 1026048K, committed 45056K, used 21581K [0x00000000c1600000, 0x0000000100000000)
  region size 1024K, 3 young (3072K), 3 survivors (3072K)
}
Event: 50.979 {heap Before GC invocations=15 (full 0):
 garbage-first heap   total reserved 1026048K, committed 45056K, used 29773K [0x00000000c1600000, 0x0000000100000000)
  region size 1024K, 4 young (4096K), 3 survivors (3072K)
}
Event: 50.986 {heap After GC invocations=16 (full 0):
 garbage-first heap   total reserved 1026048K, committed 45056K, used 29579K [0x00000000c1600000, 0x0000000100000000)
  region size 1024K, 2 young (2048K), 2 survivors (2048K)
}
Event: 52.179 {heap Before GC invocations=17 (full 0):
 garbage-first heap   total reserved 1026048K, committed 92160K, used 63371K [0x00000000c1600000, 0x0000000100000000)
  region size 1024K, 11 young (11264K), 2 survivors (2048K)
}
Event: 52.186 {heap After GC invocations=18 (full 0):
 garbage-first heap   total reserved 1026048K, committed 92160K, used 21688K [0x00000000c1600000, 0x0000000100000000)
  region size 1024K, 2 young (2048K), 2 survivors (2048K)
}
Event: 55.634 {heap Before GC invocations=18 (full 0):
 garbage-first heap   total reserved 1026048K, committed 92160K, used 80056K [0x00000000c1600000, 0x0000000100000000)
  region size 1024K, 54 young (55296K), 2 survivors (2048K)
}
Event: 55.664 {heap After GC invocations=19 (full 0):
 garbage-first heap   total reserved 1026048K, committed 96256K, used 38912K [0x00000000c1600000, 0x0000000100000000)
  region size 1024K, 7 young (7168K), 7 survivors (7168K)
}
Event: 57.917 {heap Before GC invocations=19 (full 0):
 garbage-first heap   total reserved 1026048K, committed 96256K, used 79872K [0x00000000c1600000, 0x0000000100000000)
  region size 1024K, 48 young (49152K), 7 survivors (7168K)
}
Event: 57.945 {heap After GC invocations=20 (full 0):
 garbage-first heap   total reserved 1026048K, committed 96256K, used 43008K [0x00000000c1600000, 0x0000000100000000)
  region size 1024K, 4 young (4096K), 4 survivors (4096K)
}
Event: 59.670 {heap Before GC invocations=20 (full 0):
 garbage-first heap   total reserved 1026048K, committed 96256K, used 68608K [0x00000000c1600000, 0x0000000100000000)
  region size 1024K, 26 young (26624K), 4 survivors (4096K)
}
Event: 59.691 {heap After GC invocations=21 (full 0):
 garbage-first heap   total reserved 1026048K, committed 96256K, used 50043K [0x00000000c1600000, 0x0000000100000000)
  region size 1024K, 6 young (6144K), 6 survivors (6144K)
}
Event: 60.666 {heap Before GC invocations=22 (full 0):
 garbage-first heap   total reserved 1026048K, committed 96256K, used 77691K [0x00000000c1600000, 0x0000000100000000)
  region size 1024K, 36 young (36864K), 6 survivors (6144K)
}
Event: 60.693 {heap After GC invocations=23 (full 0):
 garbage-first heap   total reserved 1026048K, committed 96256K, used 56832K [0x00000000c1600000, 0x0000000100000000)
  region size 1024K, 5 young (5120K), 5 survivors (5120K)
}
Event: 63.164 {heap Before GC invocations=23 (full 0):
 garbage-first heap   total reserved 1026048K, committed 96256K, used 79360K [0x00000000c1600000, 0x0000000100000000)
  region size 1024K, 28 young (28672K), 5 survivors (5120K)
}
Event: 63.181 {heap After GC invocations=24 (full 0):
 garbage-first heap   total reserved 1026048K, committed 96256K, used 57332K [0x00000000c1600000, 0x0000000100000000)
  region size 1024K, 3 young (3072K), 3 survivors (3072K)
}

