# JRE version: OpenJDK Runtime Environment Temurin-21.0.8+9 (21.0.8+9) (build 21.0.8+9-LTS)
# Java VM: OpenJDK 64-Bit Server VM Temurin-21.0.8+9 (21.0.8+9-LTS, mixed mode, sharing, tiered, compressed oops, compressed class ptrs, g1 gc, windows-amd64)
GC Precious Log:
 CardTable entry size: 512
 Card Set container configuration: InlinePtr #cards 5 size 8 Array Of Cards #cards 12 size 40 Howl #buckets 4 coarsen threshold 1843 Howl Bitmap #cards 512 size 80 coarsen threshold 460 Card regions per heap region 1 cards per card region 2048
 CPUs: 4 total, 4 available
 Memory: 4001M
 Large Page Support: Disabled
 NUMA Support: Disabled
 Compressed Oops: Enabled (32-bit)
 Heap Region Size: 1M
 Heap Min Capacity: 8M
 Heap Initial Capacity: 64M
 Heap Max Capacity: 1002M
 Pre-touch: Disabled
 Parallel Workers: 4
 Concurrent Workers: 1
 Concurrent Refinement Workers: 4
 Periodic GC: Disabled
Heap:
 garbage-first heap   total 119808K, used 56627K [0x00000000c1600000, 0x0000000100000000)
  region size 1024K, 13 young (13312K), 3 survivors (3072K)
 Metaspace       used 32086K, committed 32640K, reserved 1114112K
  class space    used 3650K, committed 3904K, reserved 1048576K
GC Heap History (20 events):
Event: 8.762 GC heap before
{Heap before GC invocations=10 (full 0):
 garbage-first heap   total 78848K, used 60416K [0x00000000c1600000, 0x0000000100000000)
  region size 1024K, 23 young (23552K), 3 survivors (3072K)
 Metaspace       used 26260K, committed 26560K, reserved 1114112K
  class space    used 2936K, committed 3072K, reserved 1048576K
}
Event: 8.767 GC heap after
{Heap after GC invocations=11 (full 0):
 garbage-first heap   total 78848K, used 41790K [0x00000000c1600000, 0x0000000100000000)
  region size 1024K, 1 young (1024K), 1 survivors (1024K)
 Metaspace       used 26260K, committed 26560K, reserved 1114112K
  class space    used 2936K, committed 3072K, reserved 1048576K
}
Event: 9.435 GC heap before
{Heap before GC invocations=12 (full 0):
 garbage-first heap   total 78848K, used 66366K [0x00000000c1600000, 0x0000000100000000)
  region size 1024K, 23 young (23552K), 1 survivors (1024K)
 Metaspace       used 27739K, committed 28224K, reserved 1114112K
  class space    used 3142K, committed 3392K, reserved 1048576K
}
Event: 9.442 GC heap after
{Heap after GC invocations=13 (full 0):
 garbage-first heap   total 78848K, used 48566K [0x00000000c1600000, 0x0000000100000000)
  region size 1024K, 3 young (3072K), 3 survivors (3072K)
 Metaspace       used 27739K, committed 28224K, reserved 1114112K
  class space    used 3142K, committed 3392K, reserved 1048576K
}
Event: 9.697 GC heap before
{Heap before GC invocations=13 (full 0):
 garbage-first heap   total 78848K, used 66998K [0x00000000c1600000, 0x0000000100000000)
  region size 1024K, 20 young (20480K), 3 survivors (3072K)
 Metaspace       used 27766K, committed 28288K, reserved 1114112K
  class space    used 3142K, committed 3392K, reserved 1048576K
}
Event: 9.709 GC heap after
{Heap after GC invocations=14 (full 0):
 garbage-first heap   total 78848K, used 51669K [0x00000000c1600000, 0x0000000100000000)
  region size 1024K, 3 young (3072K), 3 survivors (3072K)
 Metaspace       used 27766K, committed 28288K, reserved 1114112K
  class space    used 3142K, committed 3392K, reserved 1048576K
}
Event: 9.936 GC heap before
{Heap before GC invocations=14 (full 0):
 garbage-first heap   total 78848K, used 66005K [0x00000000c1600000, 0x0000000100000000)
  region size 1024K, 17 young (17408K), 3 survivors (3072K)
 Metaspace       used 27782K, committed 28288K, reserved 1114112K
  class space    used 3142K, committed 3392K, reserved 1048576K
}
Event: 9.944 GC heap after
{Heap after GC invocations=15 (full 0):
 garbage-first heap   total 96256K, used 56814K [0x00000000c1600000, 0x0000000100000000)
  region size 1024K, 3 young (3072K), 3 survivors (3072K)
 Metaspace       used 27782K, committed 28288K, reserved 1114112K
  class space    used 3142K, committed 3392K, reserved 1048576K
}
Event: 10.566 GC heap before
{Heap before GC invocations=16 (full 0):
 garbage-first heap   total 96256K, used 77294K [0x00000000c1600000, 0x0000000100000000)
  region size 1024K, 24 young (24576K), 3 survivors (3072K)
 Metaspace       used 27252K, committed 27712K, reserved 1114112K
  class space    used 3075K, committed 3328K, reserved 1048576K
}
Event: 10.570 GC heap after
{Heap after GC invocations=17 (full 0):
 garbage-first heap   total 96256K, used 58733K [0x00000000c1600000, 0x0000000100000000)
  region size 1024K, 2 young (2048K), 2 survivors (2048K)
 Metaspace       used 27252K, committed 27712K, reserved 1114112K
  class space    used 3075K, committed 3328K, reserved 1048576K
}
Event: 10.961 GC heap before
{Heap before GC invocations=17 (full 0):
 garbage-first heap   total 96256K, used 80237K [0x00000000c1600000, 0x0000000100000000)
  region size 1024K, 24 young (24576K), 2 survivors (2048K)
 Metaspace       used 27851K, committed 28352K, reserved 1114112K
  class space    used 3141K, committed 3392K, reserved 1048576K
}
Event: 10.967 GC heap after
{Heap after GC invocations=18 (full 0):
 garbage-first heap   total 96256K, used 49140K [0x00000000c1600000, 0x0000000100000000)
  region size 1024K, 2 young (2048K), 2 survivors (2048K)
 Metaspace       used 27851K, committed 28352K, reserved 1114112K
  class space    used 3141K, committed 3392K, reserved 1048576K
}
Event: 11.397 GC heap before
{Heap before GC invocations=18 (full 0):
 garbage-first heap   total 96256K, used 78836K [0x00000000c1600000, 0x0000000100000000)
  region size 1024K, 31 young (31744K), 2 survivors (2048K)
 Metaspace       used 29235K, committed 29696K, reserved 1114112K
  class space    used 3319K, committed 3520K, reserved 1048576K
}
Event: 11.404 GC heap after
{Heap after GC invocations=19 (full 0):
 garbage-first heap   total 96256K, used 48875K [0x00000000c1600000, 0x0000000100000000)
  region size 1024K, 4 young (4096K), 4 survivors (4096K)
 Metaspace       used 29235K, committed 29696K, reserved 1114112K
  class space    used 3319K, committed 3520K, reserved 1048576K
}
Event: 11.576 GC heap before
{Heap before GC invocations=19 (full 0):
 garbage-first heap   total 96256K, used 63211K [0x00000000c1600000, 0x0000000100000000)
  region size 1024K, 13 young (13312K), 4 survivors (4096K)
 Metaspace       used 30339K, committed 30848K, reserved 1114112K
  class space    used 3429K, committed 3648K, reserved 1048576K
}
Event: 11.586 GC heap after
{Heap after GC invocations=20 (full 0):
 garbage-first heap   total 96256K, used 55676K [0x00000000c1600000, 0x0000000100000000)
  region size 1024K, 4 young (4096K), 4 survivors (4096K)
 Metaspace       used 30339K, committed 30848K, reserved 1114112K
  class space    used 3429K, committed 3648K, reserved 1048576K
}
Event: 11.587 GC heap before
{Heap before GC invocations=20 (full 0):
 garbage-first heap   total 96256K, used 58748K [0x00000000c1600000, 0x0000000100000000)
  region size 1024K, 5 young (5120K), 4 survivors (4096K)
 Metaspace       used 30339K, committed 30848K, reserved 1114112K
  class space    used 3429K, committed 3648K, reserved 1048576K
}
Event: 11.592 GC heap after
{Heap after GC invocations=21 (full 0):
 garbage-first heap   total 96256K, used 59075K [0x00000000c1600000, 0x0000000100000000)
  region size 1024K, 2 young (2048K), 2 survivors (2048K)
 Metaspace       used 30339K, committed 30848K, reserved 1114112K
  class space    used 3429K, committed 3648K, reserved 1048576K
}
Event: 12.064 GC heap before
{Heap before GC invocations=22 (full 0):
 garbage-first heap   total 119808K, used 96963K [0x00000000c1600000, 0x0000000100000000)
  region size 1024K, 28 young (28672K), 2 survivors (2048K)
 Metaspace       used 31257K, committed 31808K, reserved 1114112K
  class space    used 3535K, committed 3776K, reserved 1048576K
}
Event: 12.069 GC heap after
{Heap after GC invocations=23 (full 0):
 garbage-first heap   total 119808K, used 47411K [0x00000000c1600000, 0x0000000100000000)
  region size 1024K, 3 young (3072K), 3 survivors (3072K)
 Metaspace       used 31257K, committed 31808K, reserved 1114112K
  class space    used 3535K, committed 3776K, reserved 1048576K
}

