# JRE version: OpenJDK Runtime Environment Temurin-21.0.8+9 (21.0.8+9) (build 21.0.8+9-LTS)
# Java VM: OpenJDK 64-Bit Server VM Temurin-21.0.8+9 (21.0.8+9-LTS, mixed mode, sharing, tiered, compressed oops, compressed class ptrs, g1 gc, windows-amd64)
GC Precious Log:
 CardTable entry size: 512
 Card Set container configuration: InlinePtr #cards 5 size 8 Array Of Cards #cards 12 size 40 Howl #buckets 4 coarsen threshold 1843 Howl Bitmap #cards 512 size 80 coarsen threshold 460 Card regions per heap region 1 cards per card region 2048
 CPUs: 4 total, 4 available
 Memory: 4001M
 Large Page Support: Disabled
 NUMA Support: Disabled
 Compressed Oops: Enabled (32-bit)
 Heap Region Size: 1M
 Heap Min Capacity: 8M
 Heap Initial Capacity: 64M
 Heap Max Capacity: 1002M
 Pre-touch: Disabled
 Parallel Workers: 4
 Concurrent Workers: 1
 Concurrent Refinement Workers: 4
 Periodic GC: Disabled
Heap:
 garbage-first heap   total 122880K, used 64992K [0x00000000c1600000, 0x0000000100000000)
  region size 1024K, 2 young (2048K), 1 survivors (1024K)
 Metaspace       used 31907K, committed 32448K, reserved 1114112K
  class space    used 3619K, committed 3840K, reserved 1048576K
GC Heap History (20 events):
Event: 4.323 GC heap after
{Heap after GC invocations=6 (full 0):
 garbage-first heap   total 78848K, used 24576K [0x00000000c1600000, 0x0000000100000000)
  region size 1024K, 6 young (6144K), 6 survivors (6144K)
 Metaspace       used 21162K, committed 21504K, reserved 1114112K
  class space    used 2416K, committed 2560K, reserved 1048576K
}
Event: 5.664 GC heap before
{Heap before GC invocations=7 (full 0):
 garbage-first heap   total 78848K, used 64512K [0x00000000c1600000, 0x0000000100000000)
  region size 1024K, 44 young (45056K), 6 survivors (6144K)
 Metaspace       used 24710K, committed 25088K, reserved 1114112K
  class space    used 2771K, committed 2944K, reserved 1048576K
}
Event: 5.687 GC heap after
{Heap after GC invocations=8 (full 0):
 garbage-first heap   total 81920K, used 36314K [0x00000000c1600000, 0x0000000100000000)
  region size 1024K, 6 young (6144K), 6 survivors (6144K)
 Metaspace       used 24710K, committed 25088K, reserved 1114112K
  class space    used 2771K, committed 2944K, reserved 1048576K
}
Event: 6.377 GC heap before
{Heap before GC invocations=8 (full 0):
 garbage-first heap   total 81920K, used 63962K [0x00000000c1600000, 0x0000000100000000)
  region size 1024K, 34 young (34816K), 6 survivors (6144K)
 Metaspace       used 26245K, committed 26560K, reserved 1114112K
  class space    used 2935K, committed 3072K, reserved 1048576K
}
Event: 6.384 GC heap after
{Heap after GC invocations=9 (full 0):
 garbage-first heap   total 81920K, used 37376K [0x00000000c1600000, 0x0000000100000000)
  region size 1024K, 1 young (1024K), 1 survivors (1024K)
 Metaspace       used 26245K, committed 26560K, reserved 1114112K
  class space    used 2935K, committed 3072K, reserved 1048576K
}
Event: 6.836 GC heap before
{Heap before GC invocations=9 (full 0):
 garbage-first heap   total 81920K, used 48640K [0x00000000c1600000, 0x0000000100000000)
  region size 1024K, 13 young (13312K), 1 survivors (1024K)
 Metaspace       used 27686K, committed 28096K, reserved 1114112K
  class space    used 3142K, committed 3328K, reserved 1048576K
}
Event: 6.841 GC heap after
{Heap after GC invocations=10 (full 0):
 garbage-first heap   total 81920K, used 37903K [0x00000000c1600000, 0x0000000100000000)
  region size 1024K, 2 young (2048K), 2 survivors (2048K)
 Metaspace       used 27686K, committed 28096K, reserved 1114112K
  class space    used 3142K, committed 3328K, reserved 1048576K
}
Event: 7.153 GC heap before
{Heap before GC invocations=10 (full 0):
 garbage-first heap   total 81920K, used 44047K [0x00000000c1600000, 0x0000000100000000)
  region size 1024K, 8 young (8192K), 2 survivors (2048K)
 Metaspace       used 27713K, committed 28160K, reserved 1114112K
  class space    used 3142K, committed 3328K, reserved 1048576K
}
Event: 7.159 GC heap after
{Heap after GC invocations=11 (full 0):
 garbage-first heap   total 81920K, used 37991K [0x00000000c1600000, 0x0000000100000000)
  region size 1024K, 2 young (2048K), 2 survivors (2048K)
 Metaspace       used 27713K, committed 28160K, reserved 1114112K
  class space    used 3142K, committed 3328K, reserved 1048576K
}
Event: 7.350 GC heap before
{Heap before GC invocations=11 (full 0):
 garbage-first heap   total 81920K, used 54375K [0x00000000c1600000, 0x0000000100000000)
  region size 1024K, 17 young (17408K), 2 survivors (2048K)
 Metaspace       used 27766K, committed 28288K, reserved 1114112K
  class space    used 3142K, committed 3392K, reserved 1048576K
}
Event: 7.363 GC heap after
{Heap after GC invocations=12 (full 0):
 garbage-first heap   total 81920K, used 47104K [0x00000000c1600000, 0x0000000100000000)
  region size 1024K, 5 young (5120K), 5 survivors (5120K)
 Metaspace       used 27766K, committed 28288K, reserved 1114112K
  class space    used 3142K, committed 3392K, reserved 1048576K
}
Event: 7.554 GC heap before
{Heap before GC invocations=13 (full 0):
 garbage-first heap   total 81920K, used 64512K [0x00000000c1600000, 0x0000000100000000)
  region size 1024K, 23 young (23552K), 5 survivors (5120K)
 Metaspace       used 27778K, committed 28288K, reserved 1114112K
  class space    used 3142K, committed 3392K, reserved 1048576K
}
Event: 7.569 GC heap after
{Heap after GC invocations=14 (full 0):
 garbage-first heap   total 81920K, used 52137K [0x00000000c1600000, 0x0000000100000000)
  region size 1024K, 3 young (3072K), 3 survivors (3072K)
 Metaspace       used 27778K, committed 28288K, reserved 1114112K
  class space    used 3142K, committed 3392K, reserved 1048576K
}
Event: 7.876 GC heap before
{Heap before GC invocations=14 (full 0):
 garbage-first heap   total 81920K, used 68521K [0x00000000c1600000, 0x0000000100000000)
  region size 1024K, 18 young (18432K), 3 survivors (3072K)
 Metaspace       used 28250K, committed 28672K, reserved 1114112K
  class space    used 3185K, committed 3392K, reserved 1048576K
}
Event: 7.883 GC heap after
{Heap after GC invocations=15 (full 0):
 garbage-first heap   total 122880K, used 49760K [0x00000000c1600000, 0x0000000100000000)
  region size 1024K, 3 young (3072K), 3 survivors (3072K)
 Metaspace       used 28250K, committed 28672K, reserved 1114112K
  class space    used 3185K, committed 3392K, reserved 1048576K
}
Event: 8.493 GC heap before
{Heap before GC invocations=15 (full 0):
 garbage-first heap   total 122880K, used 80480K [0x00000000c1600000, 0x0000000100000000)
  region size 1024K, 34 young (34816K), 3 survivors (3072K)
 Metaspace       used 29243K, committed 29760K, reserved 1114112K
  class space    used 3308K, committed 3520K, reserved 1048576K
}
Event: 8.497 GC heap after
{Heap after GC invocations=16 (full 0):
 garbage-first heap   total 122880K, used 49624K [0x00000000c1600000, 0x0000000100000000)
  region size 1024K, 3 young (3072K), 3 survivors (3072K)
 Metaspace       used 29243K, committed 29760K, reserved 1114112K
  class space    used 3308K, committed 3520K, reserved 1048576K
}
Event: 8.998 GC heap before
{Heap before GC invocations=16 (full 0):
 garbage-first heap   total 122880K, used 85464K [0x00000000c1600000, 0x0000000100000000)
  region size 1024K, 38 young (38912K), 3 survivors (3072K)
 Metaspace       used 31032K, committed 31552K, reserved 1114112K
  class space    used 3524K, committed 3776K, reserved 1048576K
}
Event: 9.004 GC heap after
{Heap after GC invocations=17 (full 0):
 garbage-first heap   total 122880K, used 52085K [0x00000000c1600000, 0x0000000100000000)
  region size 1024K, 5 young (5120K), 5 survivors (5120K)
 Metaspace       used 31032K, committed 31552K, reserved 1114112K
  class space    used 3524K, committed 3776K, reserved 1048576K
}
Event: 9.158 GC heap before
{Heap before GC invocations=17 (full 0):
 garbage-first heap   total 122880K, used 61301K [0x00000000c1600000, 0x0000000100000000)
  region size 1024K, 9 young (9216K), 5 survivors (5120K)
 Metaspace       used 31769K, committed 32256K, reserved 1114112K
  class space    used 3597K, committed 3776K, reserved 1048576K
}

